app/build/intermediates/manifest_merge_blame_file/debug/manifest-merger-blame-debug-report.txt
1<?xml version="1.0" encoding="utf-8"?>
2<manifest xmlns:android="http://schemas.android.com/apk/res/android"
3    package="me.akshay.arclothing"
4    android:versionCode="1"
5    android:versionName="1.0" >
6
7    <uses-sdk
8        android:minSdkVersion="21"
8-->src\main\AndroidManifest.xml
9        android:targetSdkVersion="30" />
9-->src\main\AndroidManifest.xml
10
11    <uses-feature
11-->src\main\AndroidManifest.xml:6:5-8:35
12        android:name="android.hardware.camera.any"
12-->src\main\AndroidManifest.xml:7:9-51
13        android:required="true" />
13-->src\main\AndroidManifest.xml:8:9-32
14
15    <uses-permission android:name="android.permission.CAMERA" />
15-->src\main\AndroidManifest.xml:10:5-65
15-->src\main\AndroidManifest.xml:10:22-62
16    <uses-permission android:name="android.permission.INTERNET" />
16-->src\main\AndroidManifest.xml:11:5-67
16-->src\main\AndroidManifest.xml:11:22-64
17    <uses-permission android:name="android.permission.ACCESS_NETWORK_STATE" />
17-->src\main\AndroidManifest.xml:12:5-79
17-->src\main\AndroidManifest.xml:12:22-76
18    <uses-permission android:name="android.permission.READ_EXTERNAL_STORAGE" />
18-->src\main\AndroidManifest.xml:13:5-80
18-->src\main\AndroidManifest.xml:13:22-77
19    <uses-permission android:name="android.permission.ACCESS_WIFI_STATE" /> <!-- Require below permissions for reading sms and otp assist feature -->
19-->[com.payumoney.core:payumoney-sdk:7.6.0] AndroidManifest.xml:13:5-76
19-->[com.payumoney.core:payumoney-sdk:7.6.0] AndroidManifest.xml:13:22-73
20    <!--
21    <uses-permission android:name="android.permission.READ_SMS" />
22    <uses-permission android:name="android.permission.READ_PHONE_STATE" />
23    -->
24    <uses-feature
24-->[com.payumoney.core:payumoney-sdk:7.6.0] AndroidManifest.xml:24:5-26:36
25        android:name="android.hardware.telephony"
25-->[com.payumoney.core:payumoney-sdk:7.6.0] AndroidManifest.xml:25:9-50
26        android:required="false" />
26-->[com.payumoney.core:payumoney-sdk:7.6.0] AndroidManifest.xml:26:9-33
27
28    <uses-permission android:name="android.permission.WAKE_LOCK" /> <!-- Required by older versions of Google Play services to create IID tokens -->
28-->[com.google.firebase:firebase-messaging:21.1.0] AndroidManifest.xml:23:5-68
28-->[com.google.firebase:firebase-messaging:21.1.0] AndroidManifest.xml:23:22-65
29    <uses-permission android:name="com.google.android.c2dm.permission.RECEIVE" />
29-->[com.google.firebase:firebase-messaging:21.1.0] AndroidManifest.xml:25:5-82
29-->[com.google.firebase:firebase-messaging:21.1.0] AndroidManifest.xml:25:22-79
30    <uses-permission android:name="com.google.android.finsky.permission.BIND_GET_INSTALL_REFERRER_SERVICE" /> <!-- Permission will be merged into the manifest of the hosting app. -->
30-->[com.google.android.gms:play-services-measurement:18.0.3] AndroidManifest.xml:26:5-110
30-->[com.google.android.gms:play-services-measurement:18.0.3] AndroidManifest.xml:26:22-107
31    <!-- Is required to launch foreground extraction service for targetSdkVersion 28+. -->
32    <uses-permission android:name="android.permission.FOREGROUND_SERVICE" />
32-->[com.google.android.play:core:1.10.2] AndroidManifest.xml:13:5-77
32-->[com.google.android.play:core:1.10.2] AndroidManifest.xml:13:22-74
33
34    <application
34-->src\main\AndroidManifest.xml:15:5-45:19
35        android:allowBackup="false"
35-->[com.payumoney.sdkui:plug-n-play:1.6.0] AndroidManifest.xml:17:9-36
36        android:appComponentFactory="androidx.core.app.CoreComponentFactory"
36-->[androidx.core:core:1.7.0] AndroidManifest.xml:24:18-86
37        android:debuggable="true"
38        android:icon="@mipmap/ic_launcher"
38-->src\main\AndroidManifest.xml:16:9-43
39        android:label="@string/app_name"
39-->src\main\AndroidManifest.xml:17:9-41
40        android:roundIcon="@mipmap/ic_launcher_round"
40-->src\main\AndroidManifest.xml:18:9-54
41        android:supportsRtl="true"
41-->src\main\AndroidManifest.xml:19:9-35
42        android:testOnly="true"
43        android:theme="@style/AppTheme"
43-->src\main\AndroidManifest.xml:20:9-40
44        android:usesCleartextTraffic="true"
44-->src\main\AndroidManifest.xml:22:9-44
45        android:windowSoftInputMode="adjustPan" >
45-->[com.payumoney.core:payumoney-sdk:7.6.0] AndroidManifest.xml:30:9-48
46        <activity
46-->src\main\AndroidManifest.xml:24:9-26:40
47            android:name="me.akshay.arclothing.ui.product.details.ProductDetailsActivity"
47-->src\main\AndroidManifest.xml:25:13-70
48            android:exported="false" />
48-->src\main\AndroidManifest.xml:26:13-37
49        <activity
49-->src\main\AndroidManifest.xml:27:9-30:49
50            android:name="me.akshay.arclothing.ui.home.HomeActivity"
50-->src\main\AndroidManifest.xml:28:13-49
51            android:exported="true"
51-->src\main\AndroidManifest.xml:29:13-36
52            android:theme="@style/TransStatus" />
52-->src\main\AndroidManifest.xml:30:13-47
53        <activity android:name="me.akshay.arclothing.ui.start.StartActivity" >
53-->src\main\AndroidManifest.xml:31:9-37:20
53-->src\main\AndroidManifest.xml:31:19-57
54            <intent-filter>
54-->src\main\AndroidManifest.xml:32:13-36:29
55                <action android:name="android.intent.action.MAIN" />
55-->src\main\AndroidManifest.xml:33:17-69
55-->src\main\AndroidManifest.xml:33:25-66
56
57                <category android:name="android.intent.category.LAUNCHER" />
57-->src\main\AndroidManifest.xml:35:17-77
57-->src\main\AndroidManifest.xml:35:27-74
58            </intent-filter>
59        </activity>
60        <activity
60-->src\main\AndroidManifest.xml:38:9-40:48
61            android:name="me.akshay.arclothing.ui.login.LoginActivity"
61-->src\main\AndroidManifest.xml:39:13-51
62            android:label="@string/app_name" />
62-->src\main\AndroidManifest.xml:40:13-45
63
64        <meta-data
64-->src\main\AndroidManifest.xml:42:9-44:57
65            android:name="preloaded_fonts"
65-->src\main\AndroidManifest.xml:43:13-43
66            android:resource="@array/preloaded_fonts" />
66-->src\main\AndroidManifest.xml:44:13-54
67
68        <activity
68-->[com.payumoney.sdkui:plug-n-play:1.6.0] AndroidManifest.xml:19:9-24:55
69            android:name="com.payumoney.sdkui.ui.activities.PayUmoneyActivity"
69-->[com.payumoney.sdkui:plug-n-play:1.6.0] AndroidManifest.xml:20:13-79
70            android:label="@string/title_activity_citrus"
70-->[com.payumoney.sdkui:plug-n-play:1.6.0] AndroidManifest.xml:21:13-58
71            android:screenOrientation="portrait"
71-->[com.payumoney.sdkui:plug-n-play:1.6.0] AndroidManifest.xml:22:13-49
72            android:theme="@style/PayumoneyAppTheme"
72-->[com.payumoney.sdkui:plug-n-play:1.6.0] AndroidManifest.xml:23:13-53
73            android:windowSoftInputMode="adjustPan" />
73-->[com.payumoney.sdkui:plug-n-play:1.6.0] AndroidManifest.xml:24:13-52
74        <activity
74-->[com.payumoney.sdkui:plug-n-play:1.6.0] AndroidManifest.xml:25:9-28:56
75            android:name="com.payumoney.sdkui.ui.activities.ReviewOrderActivity"
75-->[com.payumoney.sdkui:plug-n-play:1.6.0] AndroidManifest.xml:26:13-81
76            android:screenOrientation="portrait"
76-->[com.payumoney.sdkui:plug-n-play:1.6.0] AndroidManifest.xml:27:13-49
77            android:theme="@style/PayumoneyAppTheme" />
77-->[com.payumoney.sdkui:plug-n-play:1.6.0] AndroidManifest.xml:28:13-53
78        <activity
78-->[com.payumoney.core:payumoney-sdk:7.6.0] AndroidManifest.xml:31:9-34:72
79            android:name="com.payumoney.core.SdkWebViewActivityNew"
79-->[com.payumoney.core:payumoney-sdk:7.6.0] AndroidManifest.xml:32:13-68
80            android:screenOrientation="portrait"
80-->[com.payumoney.core:payumoney-sdk:7.6.0] AndroidManifest.xml:33:13-49
81            android:theme="@style/Theme.AppCompat.Light.NoActionBar" />
81-->[com.payumoney.core:payumoney-sdk:7.6.0] AndroidManifest.xml:34:13-69
82        <activity
82-->[com.payumoney.core:payumoney-sdk:7.6.0] AndroidManifest.xml:35:9-40:59
83            android:name="com.payu.custombrowser.CBActivity"
83-->[com.payumoney.core:payumoney-sdk:7.6.0] AndroidManifest.xml:36:13-61
84            android:screenOrientation="portrait"
84-->[com.payumoney.core:payumoney-sdk:7.6.0] AndroidManifest.xml:37:13-49
85            android:theme="@style/Theme.AppCompat"
85-->[com.payumoney.core:payumoney-sdk:7.6.0] AndroidManifest.xml:38:13-51
86            android:windowSoftInputMode="stateAlwaysHidden" />
86-->[com.payumoney.core:payumoney-sdk:7.6.0] AndroidManifest.xml:39:13-60
87        <activity
87-->[com.google.android.gms:play-services-auth:19.2.0] AndroidManifest.xml:23:9-27:75
88            android:name="com.google.android.gms.auth.api.signin.internal.SignInHubActivity"
88-->[com.google.android.gms:play-services-auth:19.2.0] AndroidManifest.xml:24:13-93
89            android:excludeFromRecents="true"
89-->[com.google.android.gms:play-services-auth:19.2.0] AndroidManifest.xml:25:13-46
90            android:exported="false"
90-->[com.google.android.gms:play-services-auth:19.2.0] AndroidManifest.xml:26:13-37
91            android:theme="@android:style/Theme.Translucent.NoTitleBar" />
91-->[com.google.android.gms:play-services-auth:19.2.0] AndroidManifest.xml:27:13-72
92        <!--
93            Service handling Google Sign-In user revocation. For apps that do not integrate with
94            Google Sign-In, this service will never be started.
95        -->
96        <service
96-->[com.google.android.gms:play-services-auth:19.2.0] AndroidManifest.xml:33:9-37:51
97            android:name="com.google.android.gms.auth.api.signin.RevocationBoundService"
97-->[com.google.android.gms:play-services-auth:19.2.0] AndroidManifest.xml:34:13-89
98            android:exported="true"
98-->[com.google.android.gms:play-services-auth:19.2.0] AndroidManifest.xml:35:13-36
99            android:permission="com.google.android.gms.auth.api.signin.permission.REVOCATION_NOTIFICATION"
99-->[com.google.android.gms:play-services-auth:19.2.0] AndroidManifest.xml:36:13-107
100            android:visibleToInstantApps="true" />
100-->[com.google.android.gms:play-services-auth:19.2.0] AndroidManifest.xml:37:13-48
101
102        <receiver
102-->[com.google.firebase:firebase-messaging:21.1.0] AndroidManifest.xml:28:9-35:20
103            android:name="com.google.firebase.iid.FirebaseInstanceIdReceiver"
103-->[com.google.firebase:firebase-messaging:21.1.0] AndroidManifest.xml:29:13-78
104            android:exported="true"
104-->[com.google.firebase:firebase-messaging:21.1.0] AndroidManifest.xml:30:13-36
105            android:permission="com.google.android.c2dm.permission.SEND" >
105-->[com.google.firebase:firebase-messaging:21.1.0] AndroidManifest.xml:31:13-73
106            <intent-filter>
106-->[com.google.firebase:firebase-messaging:21.1.0] AndroidManifest.xml:32:13-34:29
107                <action android:name="com.google.android.c2dm.intent.RECEIVE" />
107-->[com.google.firebase:firebase-messaging:21.1.0] AndroidManifest.xml:33:17-81
107-->[com.google.firebase:firebase-messaging:21.1.0] AndroidManifest.xml:33:25-78
108            </intent-filter>
109        </receiver>
110        <!--
111             FirebaseMessagingService performs security checks at runtime,
112             but set to not exported to explicitly avoid allowing another app to call it.
113        -->
114        <service
114-->[com.google.firebase:firebase-messaging:21.1.0] AndroidManifest.xml:41:9-48:19
115            android:name="com.google.firebase.messaging.FirebaseMessagingService"
115-->[com.google.firebase:firebase-messaging:21.1.0] AndroidManifest.xml:42:13-82
116            android:directBootAware="true"
116-->[com.google.firebase:firebase-messaging:21.1.0] AndroidManifest.xml:43:13-43
117            android:exported="false" >
117-->[com.google.firebase:firebase-messaging:21.1.0] AndroidManifest.xml:44:13-37
118            <intent-filter android:priority="-500" >
118-->[com.google.firebase:firebase-messaging:21.1.0] AndroidManifest.xml:45:13-47:29
118-->[com.google.firebase:firebase-messaging:21.1.0] AndroidManifest.xml:45:28-51
119                <action android:name="com.google.firebase.MESSAGING_EVENT" />
119-->[com.google.firebase:firebase-messaging:21.1.0] AndroidManifest.xml:46:17-78
119-->[com.google.firebase:firebase-messaging:21.1.0] AndroidManifest.xml:46:25-75
120            </intent-filter>
121        </service>
122        <service
122-->[com.google.firebase:firebase-messaging:21.1.0] AndroidManifest.xml:49:9-55:19
123            android:name="com.google.firebase.components.ComponentDiscoveryService"
123-->[com.google.firebase:firebase-messaging:21.1.0] AndroidManifest.xml:50:13-84
124            android:directBootAware="true"
124-->[com.google.firebase:firebase-common:19.5.0] AndroidManifest.xml:35:13-43
125            android:exported="false" >
125-->[com.google.firebase:firebase-messaging:21.1.0] AndroidManifest.xml:51:13-37
126            <meta-data
126-->[com.google.firebase:firebase-messaging:21.1.0] AndroidManifest.xml:52:13-54:85
127                android:name="com.google.firebase.components:com.google.firebase.messaging.FirebaseMessagingRegistrar"
127-->[com.google.firebase:firebase-messaging:21.1.0] AndroidManifest.xml:53:17-119
128                android:value="com.google.firebase.components.ComponentRegistrar" />
128-->[com.google.firebase:firebase-messaging:21.1.0] AndroidManifest.xml:54:17-82
129            <meta-data
129-->[com.google.firebase:firebase-auth:20.0.4] AndroidManifest.xml:77:13-79:85
130                android:name="com.google.firebase.components:com.google.firebase.auth.FirebaseAuthRegistrar"
130-->[com.google.firebase:firebase-auth:20.0.4] AndroidManifest.xml:78:17-109
131                android:value="com.google.firebase.components.ComponentRegistrar" />
131-->[com.google.firebase:firebase-auth:20.0.4] AndroidManifest.xml:79:17-82
132            <meta-data
132-->[com.google.firebase:firebase-iid:21.1.0] AndroidManifest.xml:32:13-34:85
133                android:name="com.google.firebase.components:com.google.firebase.iid.Registrar"
133-->[com.google.firebase:firebase-iid:21.1.0] AndroidManifest.xml:33:17-96
134                android:value="com.google.firebase.components.ComponentRegistrar" />
134-->[com.google.firebase:firebase-iid:21.1.0] AndroidManifest.xml:34:17-82
135            <meta-data
135-->[com.google.android.gms:play-services-measurement-api:18.0.3] AndroidManifest.xml:30:13-32:85
136                android:name="com.google.firebase.components:com.google.firebase.analytics.connector.internal.AnalyticsConnectorRegistrar"
136-->[com.google.android.gms:play-services-measurement-api:18.0.3] AndroidManifest.xml:31:17-139
137                android:value="com.google.firebase.components.ComponentRegistrar" />
137-->[com.google.android.gms:play-services-measurement-api:18.0.3] AndroidManifest.xml:32:17-82
138            <meta-data
138-->[com.google.firebase:firebase-datatransport:17.0.10] AndroidManifest.xml:28:13-30:85
139                android:name="com.google.firebase.components:com.google.firebase.datatransport.TransportRegistrar"
139-->[com.google.firebase:firebase-datatransport:17.0.10] AndroidManifest.xml:29:17-115
140                android:value="com.google.firebase.components.ComponentRegistrar" />
140-->[com.google.firebase:firebase-datatransport:17.0.10] AndroidManifest.xml:30:17-82
141            <meta-data
141-->[com.google.firebase:firebase-installations:16.3.5] AndroidManifest.xml:18:13-20:85
142                android:name="com.google.firebase.components:com.google.firebase.installations.FirebaseInstallationsRegistrar"
142-->[com.google.firebase:firebase-installations:16.3.5] AndroidManifest.xml:19:17-127
143                android:value="com.google.firebase.components.ComponentRegistrar" />
143-->[com.google.firebase:firebase-installations:16.3.5] AndroidManifest.xml:20:17-82
144            <!--
145                This registrar is not defined in the dynamic-module-support sdk itself to allow non-firebase
146                clients to use it as well, by defining this registrar in their own core/common library.
147            -->
148            <meta-data
148-->[com.google.firebase:firebase-common:19.5.0] AndroidManifest.xml:43:13-45:85
149                android:name="com.google.firebase.components:com.google.firebase.dynamicloading.DynamicLoadingRegistrar"
149-->[com.google.firebase:firebase-common:19.5.0] AndroidManifest.xml:44:17-121
150                android:value="com.google.firebase.components.ComponentRegistrar" />
150-->[com.google.firebase:firebase-common:19.5.0] AndroidManifest.xml:45:17-82
151        </service>
152
153        <activity
153-->[com.google.firebase:firebase-auth:20.0.4] AndroidManifest.xml:27:9-44:20
154            android:name="com.google.firebase.auth.internal.GenericIdpActivity"
154-->[com.google.firebase:firebase-auth:20.0.4] AndroidManifest.xml:28:13-80
155            android:excludeFromRecents="true"
155-->[com.google.firebase:firebase-auth:20.0.4] AndroidManifest.xml:29:13-46
156            android:exported="true"
156-->[com.google.firebase:firebase-auth:20.0.4] AndroidManifest.xml:30:13-36
157            android:launchMode="singleTask"
157-->[com.google.firebase:firebase-auth:20.0.4] AndroidManifest.xml:31:13-44
158            android:theme="@android:style/Theme.Translucent.NoTitleBar" >
158-->[com.google.firebase:firebase-auth:20.0.4] AndroidManifest.xml:32:13-72
159            <intent-filter>
159-->[com.google.firebase:firebase-auth:20.0.4] AndroidManifest.xml:33:13-43:29
160                <action android:name="android.intent.action.VIEW" />
160-->[com.google.firebase:firebase-auth:20.0.4] AndroidManifest.xml:34:17-69
160-->[com.google.firebase:firebase-auth:20.0.4] AndroidManifest.xml:34:25-66
161
162                <category android:name="android.intent.category.DEFAULT" />
162-->[com.google.firebase:firebase-auth:20.0.4] AndroidManifest.xml:36:17-76
162-->[com.google.firebase:firebase-auth:20.0.4] AndroidManifest.xml:36:27-73
163                <category android:name="android.intent.category.BROWSABLE" />
163-->[com.google.firebase:firebase-auth:20.0.4] AndroidManifest.xml:37:17-78
163-->[com.google.firebase:firebase-auth:20.0.4] AndroidManifest.xml:37:27-75
164
165                <data
165-->[com.google.firebase:firebase-auth:20.0.4] AndroidManifest.xml:39:17-42:51
166                    android:host="firebase.auth"
166-->[com.google.firebase:firebase-auth:20.0.4] AndroidManifest.xml:40:21-49
167                    android:path="/"
167-->[com.google.firebase:firebase-auth:20.0.4] AndroidManifest.xml:41:21-37
168                    android:scheme="genericidp" />
168-->[com.google.firebase:firebase-auth:20.0.4] AndroidManifest.xml:42:21-48
169            </intent-filter>
170        </activity>
171        <activity
171-->[com.google.firebase:firebase-auth:20.0.4] AndroidManifest.xml:45:9-62:20
172            android:name="com.google.firebase.auth.internal.RecaptchaActivity"
172-->[com.google.firebase:firebase-auth:20.0.4] AndroidManifest.xml:46:13-79
173            android:excludeFromRecents="true"
173-->[com.google.firebase:firebase-auth:20.0.4] AndroidManifest.xml:47:13-46
174            android:exported="true"
174-->[com.google.firebase:firebase-auth:20.0.4] AndroidManifest.xml:48:13-36
175            android:launchMode="singleTask"
175-->[com.google.firebase:firebase-auth:20.0.4] AndroidManifest.xml:49:13-44
176            android:theme="@android:style/Theme.Translucent.NoTitleBar" >
176-->[com.google.firebase:firebase-auth:20.0.4] AndroidManifest.xml:50:13-72
177            <intent-filter>
177-->[com.google.firebase:firebase-auth:20.0.4] AndroidManifest.xml:51:13-61:29
178                <action android:name="android.intent.action.VIEW" />
178-->[com.google.firebase:firebase-auth:20.0.4] AndroidManifest.xml:34:17-69
178-->[com.google.firebase:firebase-auth:20.0.4] AndroidManifest.xml:34:25-66
179
180                <category android:name="android.intent.category.DEFAULT" />
180-->[com.google.firebase:firebase-auth:20.0.4] AndroidManifest.xml:36:17-76
180-->[com.google.firebase:firebase-auth:20.0.4] AndroidManifest.xml:36:27-73
181                <category android:name="android.intent.category.BROWSABLE" />
181-->[com.google.firebase:firebase-auth:20.0.4] AndroidManifest.xml:37:17-78
181-->[com.google.firebase:firebase-auth:20.0.4] AndroidManifest.xml:37:27-75
182
183                <data
183-->[com.google.firebase:firebase-auth:20.0.4] AndroidManifest.xml:39:17-42:51
184                    android:host="firebase.auth"
184-->[com.google.firebase:firebase-auth:20.0.4] AndroidManifest.xml:40:21-49
185                    android:path="/"
185-->[com.google.firebase:firebase-auth:20.0.4] AndroidManifest.xml:41:21-37
186                    android:scheme="recaptcha" />
186-->[com.google.firebase:firebase-auth:20.0.4] AndroidManifest.xml:42:21-48
187            </intent-filter>
188        </activity>
189
190        <service
190-->[com.google.firebase:firebase-auth:20.0.4] AndroidManifest.xml:64:9-73:19
191            android:name="com.google.firebase.auth.api.fallback.service.FirebaseAuthFallbackService"
191-->[com.google.firebase:firebase-auth:20.0.4] AndroidManifest.xml:65:13-101
192            android:enabled="true"
192-->[com.google.firebase:firebase-auth:20.0.4] AndroidManifest.xml:66:13-35
193            android:exported="false" >
193-->[com.google.firebase:firebase-auth:20.0.4] AndroidManifest.xml:67:13-37
194            <intent-filter>
194-->[com.google.firebase:firebase-auth:20.0.4] AndroidManifest.xml:68:13-72:29
195                <action android:name="com.google.firebase.auth.api.gms.service.START" />
195-->[com.google.firebase:firebase-auth:20.0.4] AndroidManifest.xml:69:17-89
195-->[com.google.firebase:firebase-auth:20.0.4] AndroidManifest.xml:69:25-86
196
197                <category android:name="android.intent.category.DEFAULT" />
197-->[com.google.firebase:firebase-auth:20.0.4] AndroidManifest.xml:36:17-76
197-->[com.google.firebase:firebase-auth:20.0.4] AndroidManifest.xml:36:27-73
198            </intent-filter>
199        </service>
200        <service android:name="com.payu.custombrowser.services.SnoozeService" />
200-->[com.payu.custombrowser:payu-custom-browser:7.5.1] AndroidManifest.xml:23:9-81
200-->[com.payu.custombrowser:payu-custom-browser:7.5.1] AndroidManifest.xml:23:18-78
201
202        <activity android:name="com.payu.custombrowser.PreLollipopPaymentsActivity" >
202-->[com.payu.custombrowser:payu-custom-browser:7.5.1] AndroidManifest.xml:25:9-42:20
202-->[com.payu.custombrowser:payu-custom-browser:7.5.1] AndroidManifest.xml:25:19-84
203            <intent-filter>
203-->[com.payu.custombrowser:payu-custom-browser:7.5.1] AndroidManifest.xml:26:13-33:29
204                <data android:scheme="me.akshay.arclothing.success" />
204-->[com.google.firebase:firebase-auth:20.0.4] AndroidManifest.xml:39:17-42:51
204-->[com.google.firebase:firebase-auth:20.0.4] AndroidManifest.xml:42:21-48
205
206                <action android:name="android.intent.action.VIEW" />
206-->[com.google.firebase:firebase-auth:20.0.4] AndroidManifest.xml:34:17-69
206-->[com.google.firebase:firebase-auth:20.0.4] AndroidManifest.xml:34:25-66
207
208                <category android:name="android.intent.category.DEFAULT" />
208-->[com.google.firebase:firebase-auth:20.0.4] AndroidManifest.xml:36:17-76
208-->[com.google.firebase:firebase-auth:20.0.4] AndroidManifest.xml:36:27-73
209                <category android:name="android.intent.category.BROWSABLE" />
209-->[com.google.firebase:firebase-auth:20.0.4] AndroidManifest.xml:37:17-78
209-->[com.google.firebase:firebase-auth:20.0.4] AndroidManifest.xml:37:27-75
210            </intent-filter>
211            <intent-filter>
211-->[com.payu.custombrowser:payu-custom-browser:7.5.1] AndroidManifest.xml:34:13-41:29
212                <data android:scheme="me.akshay.arclothing.failure" />
212-->[com.google.firebase:firebase-auth:20.0.4] AndroidManifest.xml:39:17-42:51
212-->[com.google.firebase:firebase-auth:20.0.4] AndroidManifest.xml:42:21-48
213
214                <action android:name="android.intent.action.VIEW" />
214-->[com.google.firebase:firebase-auth:20.0.4] AndroidManifest.xml:34:17-69
214-->[com.google.firebase:firebase-auth:20.0.4] AndroidManifest.xml:34:25-66
215
216                <category android:name="android.intent.category.DEFAULT" />
216-->[com.google.firebase:firebase-auth:20.0.4] AndroidManifest.xml:36:17-76
216-->[com.google.firebase:firebase-auth:20.0.4] AndroidManifest.xml:36:27-73
217                <category android:name="android.intent.category.BROWSABLE" />
217-->[com.google.firebase:firebase-auth:20.0.4] AndroidManifest.xml:37:17-78
217-->[com.google.firebase:firebase-auth:20.0.4] AndroidManifest.xml:37:27-75
218            </intent-filter>
219        </activity>
220        <activity android:name="com.payu.custombrowser.PrePaymentsActivity" />
220-->[com.payu.custombrowser:payu-custom-browser:7.5.1] AndroidManifest.xml:43:9-79
220-->[com.payu.custombrowser:payu-custom-browser:7.5.1] AndroidManifest.xml:43:19-76
221        <activity
221-->[com.payu.upisdk:upisdk:1.0.2] AndroidManifest.xml:14:9-17:63
222            android:name="com.payu.upisdk.upiintent.PaymentResponseUpiSdkActivity"
222-->[com.payu.upisdk:upisdk:1.0.2] AndroidManifest.xml:15:13-83
223            android:theme="@style/Theme.AppCompat.Transparent.NoActionBar"
223-->[com.payu.upisdk:upisdk:1.0.2] AndroidManifest.xml:16:13-75
224            android:windowSoftInputMode="stateAlwaysHidden" />
224-->[com.payu.upisdk:upisdk:1.0.2] AndroidManifest.xml:17:13-60
225
226        <receiver
226-->[com.google.android.gms:play-services-measurement:18.0.3] AndroidManifest.xml:29:9-33:20
227            android:name="com.google.android.gms.measurement.AppMeasurementReceiver"
227-->[com.google.android.gms:play-services-measurement:18.0.3] AndroidManifest.xml:30:13-85
228            android:enabled="true"
228-->[com.google.android.gms:play-services-measurement:18.0.3] AndroidManifest.xml:31:13-35
229            android:exported="false" >
229-->[com.google.android.gms:play-services-measurement:18.0.3] AndroidManifest.xml:32:13-37
230        </receiver>
231
232        <service
232-->[com.google.android.gms:play-services-measurement:18.0.3] AndroidManifest.xml:35:9-38:40
233            android:name="com.google.android.gms.measurement.AppMeasurementService"
233-->[com.google.android.gms:play-services-measurement:18.0.3] AndroidManifest.xml:36:13-84
234            android:enabled="true"
234-->[com.google.android.gms:play-services-measurement:18.0.3] AndroidManifest.xml:37:13-35
235            android:exported="false" />
235-->[com.google.android.gms:play-services-measurement:18.0.3] AndroidManifest.xml:38:13-37
236        <service
236-->[com.google.android.gms:play-services-measurement:18.0.3] AndroidManifest.xml:39:9-43:72
237            android:name="com.google.android.gms.measurement.AppMeasurementJobService"
237-->[com.google.android.gms:play-services-measurement:18.0.3] AndroidManifest.xml:40:13-87
238            android:enabled="true"
238-->[com.google.android.gms:play-services-measurement:18.0.3] AndroidManifest.xml:41:13-35
239            android:exported="false"
239-->[com.google.android.gms:play-services-measurement:18.0.3] AndroidManifest.xml:42:13-37
240            android:permission="android.permission.BIND_JOB_SERVICE" />
240-->[com.google.android.gms:play-services-measurement:18.0.3] AndroidManifest.xml:43:13-69
241
242        <activity
242-->[com.google.android.gms:play-services-base:17.5.0] AndroidManifest.xml:23:9-26:75
243            android:name="com.google.android.gms.common.api.GoogleApiActivity"
243-->[com.google.android.gms:play-services-base:17.5.0] AndroidManifest.xml:24:13-79
244            android:exported="false"
244-->[com.google.android.gms:play-services-base:17.5.0] AndroidManifest.xml:25:13-37
245            android:theme="@android:style/Theme.Translucent.NoTitleBar" />
245-->[com.google.android.gms:play-services-base:17.5.0] AndroidManifest.xml:26:13-72
246
247        <provider
247-->[com.google.firebase:firebase-common:19.5.0] AndroidManifest.xml:26:9-31:39
248            android:name="com.google.firebase.provider.FirebaseInitProvider"
248-->[com.google.firebase:firebase-common:19.5.0] AndroidManifest.xml:27:13-77
249            android:authorities="me.akshay.arclothing.firebaseinitprovider"
249-->[com.google.firebase:firebase-common:19.5.0] AndroidManifest.xml:28:13-72
250            android:directBootAware="true"
250-->[com.google.firebase:firebase-common:19.5.0] AndroidManifest.xml:29:13-43
251            android:exported="false"
251-->[com.google.firebase:firebase-common:19.5.0] AndroidManifest.xml:30:13-37
252            android:initOrder="100" />
252-->[com.google.firebase:firebase-common:19.5.0] AndroidManifest.xml:31:13-36
253
254        <meta-data
254-->[com.google.android.gms:play-services-basement:17.5.0] AndroidManifest.xml:23:9-25:69
255            android:name="com.google.android.gms.version"
255-->[com.google.android.gms:play-services-basement:17.5.0] AndroidManifest.xml:24:13-58
256            android:value="@integer/google_play_services_version" />
256-->[com.google.android.gms:play-services-basement:17.5.0] AndroidManifest.xml:25:13-66
257
258        <service
258-->[androidx.room:room-runtime:2.3.0] AndroidManifest.xml:25:9-28:40
259            android:name="androidx.room.MultiInstanceInvalidationService"
259-->[androidx.room:room-runtime:2.3.0] AndroidManifest.xml:26:13-74
260            android:directBootAware="true"
260-->[androidx.room:room-runtime:2.3.0] AndroidManifest.xml:27:13-43
261            android:exported="false" /> <!-- The activities will be merged into the manifest of the hosting app. -->
261-->[androidx.room:room-runtime:2.3.0] AndroidManifest.xml:28:13-37
262        <activity
262-->[com.google.android.play:core:1.10.2] AndroidManifest.xml:18:9-24:45